# JRE version: Java(TM) SE Runtime Environment (8.0_91-b14) (build 1.8.0_91-b14)
# Java VM: Java HotSpot(TM) 64-Bit Server VM (25.91-b14 mixed mode windows-amd64 compressed oops)
Heap:
 PSYoungGen      total 38400K, used 10854K [0x00000000d5e00000, 0x00000000d8880000, 0x0000000100000000)
  eden space 33280K, 32% used [0x00000000d5e00000,0x00000000d6899950,0x00000000d7e80000)
  from space 5120K, 0% used [0x00000000d7e80000,0x00000000d7e80000,0x00000000d8380000)
  to   space 5120K, 0% used [0x00000000d8380000,0x00000000d8380000,0x00000000d8880000)
 ParOldGen       total 64000K, used 2469K [0x0000000081a00000, 0x0000000085880000, 0x00000000d5e00000)
  object space 64000K, 3% used [0x0000000081a00000,0x0000000081c696e8,0x0000000085880000)
 Metaspace       used 14419K, capacity 14632K, committed 15104K, reserved 1062912K
  class space    used 1870K, capacity 1931K, committed 2048K, reserved 1048576K
GC Heap History (4 events):
Event: 9.426 GC heap before
{Heap before GC invocations=1 (full 0):
 PSYoungGen      total 38400K, used 12670K [0x00000000d5e00000, 0x00000000d8880000, 0x0000000100000000)
  eden space 33280K, 38% used [0x00000000d5e00000,0x00000000d6a5f818,0x00000000d7e80000)
  from space 5120K, 0% used [0x00000000d8380000,0x00000000d8380000,0x00000000d8880000)
  to   space 5120K, 0% used [0x00000000d7e80000,0x00000000d7e80000,0x00000000d8380000)
 ParOldGen       total 87552K, used 0K [0x0000000081a00000, 0x0000000086f80000, 0x00000000d5e00000)
  object space 87552K, 0% used [0x0000000081a00000,0x0000000081a00000,0x0000000086f80000)
 Metaspace       used 12062K, capacity 12266K, committed 12416K, reserved 1060864K
  class space    used 1562K, capacity 1638K, committed 1664K, reserved 1048576K
Event: 9.535 GC heap after
Heap after GC invocations=1 (full 0):
 PSYoungGen      total 38400K, used 2656K [0x00000000d5e00000, 0x00000000d8880000, 0x0000000100000000)
  eden space 33280K, 0% used [0x00000000d5e00000,0x00000000d5e00000,0x00000000d7e80000)
  from space 5120K, 51% used [0x00000000d7e80000,0x00000000d8118020,0x00000000d8380000)
  to   space 5120K, 0% used [0x00000000d8380000,0x00000000d8380000,0x00000000d8880000)
 ParOldGen       total 87552K, used 16K [0x0000000081a00000, 0x0000000086f80000, 0x00000000d5e00000)
  object space 87552K, 0% used [0x0000000081a00000,0x0000000081a04000,0x0000000086f80000)
 Metaspace       used 12062K, capacity 12266K, committed 12416K, reserved 1060864K
  class space    used 1562K, capacity 1638K, committed 1664K, reserved 1048576K
}
Event: 9.535 GC heap before
{Heap before GC invocations=2 (full 1):
 PSYoungGen      total 38400K, used 2656K [0x00000000d5e00000, 0x00000000d8880000, 0x0000000100000000)
  eden space 33280K, 0% used [0x00000000d5e00000,0x00000000d5e00000,0x00000000d7e80000)
  from space 5120K, 51% used [0x00000000d7e80000,0x00000000d8118020,0x00000000d8380000)
  to   space 5120K, 0% used [0x00000000d8380000,0x00000000d8380000,0x00000000d8880000)
 ParOldGen       total 87552K, used 16K [0x0000000081a00000, 0x0000000086f80000, 0x00000000d5e00000)
  object space 87552K, 0% used [0x0000000081a00000,0x0000000081a04000,0x0000000086f80000)
 Metaspace       used 12062K, capacity 12266K, committed 12416K, reserved 1060864K
  class space    used 1562K, capacity 1638K, committed 1664K, reserved 1048576K
Event: 10.126 GC heap after
Heap after GC invocations=2 (full 1):
 PSYoungGen      total 38400K, used 0K [0x00000000d5e00000, 0x00000000d8880000, 0x0000000100000000)
  eden space 33280K, 0% used [0x00000000d5e00000,0x00000000d5e00000,0x00000000d7e80000)
  from space 5120K, 0% used [0x00000000d7e80000,0x00000000d7e80000,0x00000000d8380000)
  to   space 5120K, 0% used [0x00000000d8380000,0x00000000d8380000,0x00000000d8880000)
 ParOldGen       total 64000K, used 2469K [0x0000000081a00000, 0x0000000085880000, 0x00000000d5e00000)
  object space 64000K, 3% used [0x0000000081a00000,0x0000000081c696e8,0x0000000085880000)
 Metaspace       used 12062K, capacity 12266K, committed 12416K, reserved 1060864K
  class space    used 1562K, capacity 1638K, committed 1664K, reserved 1048576K
}

