# JRE version: Java(TM) SE Runtime Environment (8.0_91-b14) (build 1.8.0_91-b14)
# Java VM: Java HotSpot(TM) 64-Bit Server VM (25.91-b14 mixed mode windows-amd64 compressed oops)
Heap:
 PSYoungGen      total 45056K, used 11116K [0x00000000d5e00000, 0x00000000da880000, 0x0000000100000000)
  eden space 40448K, 27% used [0x00000000d5e00000,0x00000000d68db1f8,0x00000000d8580000)
  from space 4608K, 0% used [0x00000000da400000,0x00000000da400000,0x00000000da880000)
  to   space 5120K, 0% used [0x00000000d9e80000,0x00000000d9e80000,0x00000000da380000)
 ParOldGen       total 56832K, used 3772K [0x0000000081a00000, 0x0000000085180000, 0x00000000d5e00000)
  object space 56832K, 6% used [0x0000000081a00000,0x0000000081daf038,0x0000000085180000)
 Metaspace       used 14405K, capacity 14652K, committed 14848K, reserved 1067008K
  class space    used 1873K, capacity 1963K, committed 2048K, reserved 1048576K
GC Heap History (8 events):
Event: 10.126 GC heap before
{Heap before GC invocations=1 (full 0):
 PSYoungGen      total 38400K, used 7336K [0x00000000d5e00000, 0x00000000d8880000, 0x0000000100000000)
  eden space 33280K, 22% used [0x00000000d5e00000,0x00000000d652a2b8,0x00000000d7e80000)
  from space 5120K, 0% used [0x00000000d8380000,0x00000000d8380000,0x00000000d8880000)
  to   space 5120K, 0% used [0x00000000d7e80000,0x00000000d7e80000,0x00000000d8380000)
 ParOldGen       total 87552K, used 0K [0x0000000081a00000, 0x0000000086f80000, 0x00000000d5e00000)
  object space 87552K, 0% used [0x0000000081a00000,0x0000000081a00000,0x0000000086f80000)
 Metaspace       used 9243K, capacity 9432K, committed 9472K, reserved 1062912K
  class space    used 1160K, capacity 1253K, committed 1280K, reserved 1048576K
Event: 10.332 GC heap after
Heap after GC invocations=1 (full 0):
 PSYoungGen      total 38400K, used 1408K [0x00000000d5e00000, 0x00000000da900000, 0x0000000100000000)
  eden space 33280K, 0% used [0x00000000d5e00000,0x00000000d5e00000,0x00000000d7e80000)
  from space 5120K, 27% used [0x00000000d7e80000,0x00000000d7fe0000,0x00000000d8380000)
  to   space 5120K, 0% used [0x00000000da400000,0x00000000da400000,0x00000000da900000)
 ParOldGen       total 87552K, used 8K [0x0000000081a00000, 0x0000000086f80000, 0x00000000d5e00000)
  object space 87552K, 0% used [0x0000000081a00000,0x0000000081a02000,0x0000000086f80000)
 Metaspace       used 9243K, capacity 9432K, committed 9472K, reserved 1062912K
  class space    used 1160K, capacity 1253K, committed 1280K, reserved 1048576K
}
Event: 10.332 GC heap before
{Heap before GC invocations=2 (full 1):
 PSYoungGen      total 38400K, used 1408K [0x00000000d5e00000, 0x00000000da900000, 0x0000000100000000)
  eden space 33280K, 0% used [0x00000000d5e00000,0x00000000d5e00000,0x00000000d7e80000)
  from space 5120K, 27% used [0x00000000d7e80000,0x00000000d7fe0000,0x00000000d8380000)
  to   space 5120K, 0% used [0x00000000da400000,0x00000000da400000,0x00000000da900000)
 ParOldGen       total 87552K, used 8K [0x0000000081a00000, 0x0000000086f80000, 0x00000000d5e00000)
  object space 87552K, 0% used [0x0000000081a00000,0x0000000081a02000,0x0000000086f80000)
 Metaspace       used 9243K, capacity 9432K, committed 9472K, reserved 1062912K
  class space    used 1160K, capacity 1253K, committed 1280K, reserved 1048576K
Event: 10.752 GC heap after
Heap after GC invocations=2 (full 1):
 PSYoungGen      total 38400K, used 0K [0x00000000d5e00000, 0x00000000da900000, 0x0000000100000000)
  eden space 33280K, 0% used [0x00000000d5e00000,0x00000000d5e00000,0x00000000d7e80000)
  from space 5120K, 0% used [0x00000000d7e80000,0x00000000d7e80000,0x00000000d8380000)
  to   space 5120K, 0% used [0x00000000da400000,0x00000000da400000,0x00000000da900000)
 ParOldGen       total 56832K, used 1339K [0x0000000081a00000, 0x0000000085180000, 0x00000000d5e00000)
  object space 56832K, 2% used [0x0000000081a00000,0x0000000081b4ec00,0x0000000085180000)
 Metaspace       used 9243K, capacity 9432K, committed 9472K, reserved 1060864K
  class space    used 1160K, capacity 1253K, committed 1280K, reserved 1048576K
}
Event: 21.318 GC heap before
{Heap before GC invocations=3 (full 1):
 PSYoungGen      total 38400K, used 10239K [0x00000000d5e00000, 0x00000000da900000, 0x0000000100000000)
  eden space 33280K, 30% used [0x00000000d5e00000,0x00000000d67fffd8,0x00000000d7e80000)
  from space 5120K, 0% used [0x00000000d7e80000,0x00000000d7e80000,0x00000000d8380000)
  to   space 5120K, 0% used [0x00000000da400000,0x00000000da400000,0x00000000da900000)
 ParOldGen       total 56832K, used 1339K [0x0000000081a00000, 0x0000000085180000, 0x00000000d5e00000)
  object space 56832K, 2% used [0x0000000081a00000,0x0000000081b4ec00,0x0000000085180000)
 Metaspace       used 13967K, capacity 14134K, committed 14208K, reserved 1067008K
  class space    used 1832K, capacity 1898K, committed 1920K, reserved 1048576K
Event: 21.321 GC heap after
Heap after GC invocations=3 (full 1):
 PSYoungGen      total 45056K, used 4258K [0x00000000d5e00000, 0x00000000da880000, 0x0000000100000000)
  eden space 40448K, 0% used [0x00000000d5e00000,0x00000000d5e00000,0x00000000d8580000)
  from space 4608K, 92% used [0x00000000da400000,0x00000000da828910,0x00000000da880000)
  to   space 5120K, 0% used [0x00000000d9e80000,0x00000000d9e80000,0x00000000da380000)
 ParOldGen       total 56832K, used 1411K [0x0000000081a00000, 0x0000000085180000, 0x00000000d5e00000)
  object space 56832K, 2% used [0x0000000081a00000,0x0000000081b60c10,0x0000000085180000)
 Metaspace       used 13967K, capacity 14134K, committed 14208K, reserved 1067008K
  class space    used 1832K, capacity 1898K, committed 1920K, reserved 1048576K
}
Event: 21.321 GC heap before
{Heap before GC invocations=4 (full 2):
 PSYoungGen      total 45056K, used 4258K [0x00000000d5e00000, 0x00000000da880000, 0x0000000100000000)
  eden space 40448K, 0% used [0x00000000d5e00000,0x00000000d5e00000,0x00000000d8580000)
  from space 4608K, 92% used [0x00000000da400000,0x00000000da828910,0x00000000da880000)
  to   space 5120K, 0% used [0x00000000d9e80000,0x00000000d9e80000,0x00000000da380000)
 ParOldGen       total 56832K, used 1411K [0x0000000081a00000, 0x0000000085180000, 0x00000000d5e00000)
  object space 56832K, 2% used [0x0000000081a00000,0x0000000081b60c10,0x0000000085180000)
 Metaspace       used 13967K, capacity 14134K, committed 14208K, reserved 1067008K
  class space    used 1832K, capacity 1898K, committed 1920K, reserved 1048576K
Event: 21.349 GC heap after
Heap after GC invocations=4 (full 2):
 PSYoungGen      total 45056K, used 0K [0x00000000d5e00000, 0x00000000da880000, 0x0000000100000000)
  eden space 40448K, 0% used [0x00000000d5e00000,0x00000000d5e00000,0x00000000d8580000)
  from space 4608K, 0% used [0x00000000da400000,0x00000000da400000,0x00000000da880000)
  to   space 5120K, 0% used [0x00000000d9e80000,0x00000000d9e80000,0x00000000da380000)
 ParOldGen       total 56832K, used 3772K [0x0000000081a00000, 0x0000000085180000, 0x00000000d5e00000)
  object space 56832K, 6% used [0x0000000081a00000,0x0000000081daf038,0x0000000085180000)
 Metaspace       used 13967K, capacity 14134K, committed 14208K, reserved 1064960K
  class space    used 1832K, capacity 1898K, committed 1920K, reserved 1048576K
}

