# JRE version: Java(TM) SE Runtime Environment (8.0_91-b14) (build 1.8.0_91-b14)
# Java VM: Java HotSpot(TM) 64-Bit Server VM (25.91-b14 mixed mode windows-amd64 compressed oops)
Heap:
 PSYoungGen      total 38400K, used 4439K [0x00000000d5e00000, 0x00000000da900000, 0x0000000100000000)
  eden space 33280K, 13% used [0x00000000d5e00000,0x00000000d6255c58,0x00000000d7e80000)
  from space 5120K, 0% used [0x00000000d7e80000,0x00000000d7e80000,0x00000000d8380000)
  to   space 5120K, 0% used [0x00000000da400000,0x00000000da400000,0x00000000da900000)
 ParOldGen       total 56320K, used 1335K [0x0000000081a00000, 0x0000000085100000, 0x00000000d5e00000)
  object space 56320K, 2% used [0x0000000081a00000,0x0000000081b4df20,0x0000000085100000)
 Metaspace       used 11534K, capacity 11714K, committed 11904K, reserved 1058816K
  class space    used 1491K, capacity 1542K, committed 1664K, reserved 1048576K
GC Heap History (4 events):
Event: 9.154 GC heap before
{Heap before GC invocations=1 (full 0):
 PSYoungGen      total 38400K, used 7337K [0x00000000d5e00000, 0x00000000d8880000, 0x0000000100000000)
  eden space 33280K, 22% used [0x00000000d5e00000,0x00000000d652a618,0x00000000d7e80000)
  from space 5120K, 0% used [0x00000000d8380000,0x00000000d8380000,0x00000000d8880000)
  to   space 5120K, 0% used [0x00000000d7e80000,0x00000000d7e80000,0x00000000d8380000)
 ParOldGen       total 87552K, used 0K [0x0000000081a00000, 0x0000000086f80000, 0x00000000d5e00000)
  object space 87552K, 0% used [0x0000000081a00000,0x0000000081a00000,0x0000000086f80000)
 Metaspace       used 9240K, capacity 9430K, committed 9472K, reserved 1060864K
  class space    used 1156K, capacity 1252K, committed 1280K, reserved 1048576K
Event: 9.624 GC heap after
Heap after GC invocations=1 (full 0):
 PSYoungGen      total 38400K, used 1440K [0x00000000d5e00000, 0x00000000da900000, 0x0000000100000000)
  eden space 33280K, 0% used [0x00000000d5e00000,0x00000000d5e00000,0x00000000d7e80000)
  from space 5120K, 28% used [0x00000000d7e80000,0x00000000d7fe8020,0x00000000d8380000)
  to   space 5120K, 0% used [0x00000000da400000,0x00000000da400000,0x00000000da900000)
 ParOldGen       total 87552K, used 8K [0x0000000081a00000, 0x0000000086f80000, 0x00000000d5e00000)
  object space 87552K, 0% used [0x0000000081a00000,0x0000000081a02000,0x0000000086f80000)
 Metaspace       used 9240K, capacity 9430K, committed 9472K, reserved 1060864K
  class space    used 1156K, capacity 1252K, committed 1280K, reserved 1048576K
}
Event: 9.624 GC heap before
{Heap before GC invocations=2 (full 1):
 PSYoungGen      total 38400K, used 1440K [0x00000000d5e00000, 0x00000000da900000, 0x0000000100000000)
  eden space 33280K, 0% used [0x00000000d5e00000,0x00000000d5e00000,0x00000000d7e80000)
  from space 5120K, 28% used [0x00000000d7e80000,0x00000000d7fe8020,0x00000000d8380000)
  to   space 5120K, 0% used [0x00000000da400000,0x00000000da400000,0x00000000da900000)
 ParOldGen       total 87552K, used 8K [0x0000000081a00000, 0x0000000086f80000, 0x00000000d5e00000)
  object space 87552K, 0% used [0x0000000081a00000,0x0000000081a02000,0x0000000086f80000)
 Metaspace       used 9240K, capacity 9430K, committed 9472K, reserved 1060864K
  class space    used 1156K, capacity 1252K, committed 1280K, reserved 1048576K
Event: 10.536 GC heap after
Heap after GC invocations=2 (full 1):
 PSYoungGen      total 38400K, used 0K [0x00000000d5e00000, 0x00000000da900000, 0x0000000100000000)
  eden space 33280K, 0% used [0x00000000d5e00000,0x00000000d5e00000,0x00000000d7e80000)
  from space 5120K, 0% used [0x00000000d7e80000,0x00000000d7e80000,0x00000000d8380000)
  to   space 5120K, 0% used [0x00000000da400000,0x00000000da400000,0x00000000da900000)
 ParOldGen       total 56320K, used 1335K [0x0000000081a00000, 0x0000000085100000, 0x00000000d5e00000)
  object space 56320K, 2% used [0x0000000081a00000,0x0000000081b4df20,0x0000000085100000)
 Metaspace       used 9240K, capacity 9430K, committed 9472K, reserved 1058816K
  class space    used 1156K, capacity 1252K, committed 1280K, reserved 1048576K
}

