# JRE version: Java(TM) SE Runtime Environment (8.0_91-b14) (build 1.8.0_91-b14)
# Java VM: Java HotSpot(TM) 64-Bit Server VM (25.91-b14 mixed mode windows-amd64 compressed oops)
Heap:
 PSYoungGen      total 38400K, used 11390K [0x00000000d5e00000, 0x00000000d8880000, 0x0000000100000000)
  eden space 33280K, 34% used [0x00000000d5e00000,0x00000000d691f8b0,0x00000000d7e80000)
  from space 5120K, 0% used [0x00000000d8380000,0x00000000d8380000,0x00000000d8880000)
  to   space 5120K, 0% used [0x00000000d7e80000,0x00000000d7e80000,0x00000000d8380000)
 ParOldGen       total 89600K, used 2765K [0x0000000081a00000, 0x0000000087180000, 0x00000000d5e00000)
  object space 89600K, 3% used [0x0000000081a00000,0x0000000081cb35a0,0x0000000087180000)
 Metaspace       used 14388K, capacity 14559K, committed 14848K, reserved 1069056K
  class space    used 1872K, capacity 1931K, committed 2048K, reserved 1048576K
GC Heap History (8 events):
Event: 9.241 GC heap before
{Heap before GC invocations=1 (full 0):
 PSYoungGen      total 38400K, used 8668K [0x00000000d5e00000, 0x00000000d8880000, 0x0000000100000000)
  eden space 33280K, 26% used [0x00000000d5e00000,0x00000000d66770a8,0x00000000d7e80000)
  from space 5120K, 0% used [0x00000000d8380000,0x00000000d8380000,0x00000000d8880000)
  to   space 5120K, 0% used [0x00000000d7e80000,0x00000000d7e80000,0x00000000d8380000)
 ParOldGen       total 87552K, used 0K [0x0000000081a00000, 0x0000000086f80000, 0x00000000d5e00000)
  object space 87552K, 0% used [0x0000000081a00000,0x0000000081a00000,0x0000000086f80000)
 Metaspace       used 11037K, capacity 11202K, committed 11264K, reserved 1062912K
  class space    used 1414K, capacity 1478K, committed 1536K, reserved 1048576K
Event: 9.322 GC heap after
Heap after GC invocations=1 (full 0):
 PSYoungGen      total 38400K, used 1808K [0x00000000d5e00000, 0x00000000d8880000, 0x0000000100000000)
  eden space 33280K, 0% used [0x00000000d5e00000,0x00000000d5e00000,0x00000000d7e80000)
  from space 5120K, 35% used [0x00000000d7e80000,0x00000000d8044010,0x00000000d8380000)
  to   space 5120K, 0% used [0x00000000d8380000,0x00000000d8380000,0x00000000d8880000)
 ParOldGen       total 87552K, used 16K [0x0000000081a00000, 0x0000000086f80000, 0x00000000d5e00000)
  object space 87552K, 0% used [0x0000000081a00000,0x0000000081a04000,0x0000000086f80000)
 Metaspace       used 11037K, capacity 11202K, committed 11264K, reserved 1062912K
  class space    used 1414K, capacity 1478K, committed 1536K, reserved 1048576K
}
Event: 9.322 GC heap before
{Heap before GC invocations=2 (full 1):
 PSYoungGen      total 38400K, used 1808K [0x00000000d5e00000, 0x00000000d8880000, 0x0000000100000000)
  eden space 33280K, 0% used [0x00000000d5e00000,0x00000000d5e00000,0x00000000d7e80000)
  from space 5120K, 35% used [0x00000000d7e80000,0x00000000d8044010,0x00000000d8380000)
  to   space 5120K, 0% used [0x00000000d8380000,0x00000000d8380000,0x00000000d8880000)
 ParOldGen       total 87552K, used 16K [0x0000000081a00000, 0x0000000086f80000, 0x00000000d5e00000)
  object space 87552K, 0% used [0x0000000081a00000,0x0000000081a04000,0x0000000086f80000)
 Metaspace       used 11037K, capacity 11202K, committed 11264K, reserved 1062912K
  class space    used 1414K, capacity 1478K, committed 1536K, reserved 1048576K
Event: 9.480 GC heap after
Heap after GC invocations=2 (full 1):
 PSYoungGen      total 38400K, used 0K [0x00000000d5e00000, 0x00000000d8880000, 0x0000000100000000)
  eden space 33280K, 0% used [0x00000000d5e00000,0x00000000d5e00000,0x00000000d7e80000)
  from space 5120K, 0% used [0x00000000d7e80000,0x00000000d7e80000,0x00000000d8380000)
  to   space 5120K, 0% used [0x00000000d8380000,0x00000000d8380000,0x00000000d8880000)
 ParOldGen       total 57344K, used 1663K [0x0000000081a00000, 0x0000000085200000, 0x00000000d5e00000)
  object space 57344K, 2% used [0x0000000081a00000,0x0000000081b9fd08,0x0000000085200000)
 Metaspace       used 11037K, capacity 11202K, committed 11264K, reserved 1060864K
  class space    used 1414K, capacity 1478K, committed 1536K, reserved 1048576K
}
Event: 12.730 GC heap before
{Heap before GC invocations=3 (full 1):
 PSYoungGen      total 38400K, used 7995K [0x00000000d5e00000, 0x00000000d8880000, 0x0000000100000000)
  eden space 33280K, 24% used [0x00000000d5e00000,0x00000000d65cef20,0x00000000d7e80000)
  from space 5120K, 0% used [0x00000000d7e80000,0x00000000d7e80000,0x00000000d8380000)
  to   space 5120K, 0% used [0x00000000d8380000,0x00000000d8380000,0x00000000d8880000)
 ParOldGen       total 57344K, used 1663K [0x0000000081a00000, 0x0000000085200000, 0x00000000d5e00000)
  object space 57344K, 2% used [0x0000000081a00000,0x0000000081b9fd08,0x0000000085200000)
 Metaspace       used 13688K, capacity 13850K, committed 13952K, reserved 1067008K
  class space    used 1795K, capacity 1866K, committed 1920K, reserved 1048576K
Event: 12.871 GC heap after
Heap after GC invocations=3 (full 1):
 PSYoungGen      total 38400K, used 1136K [0x00000000d5e00000, 0x00000000d8880000, 0x0000000100000000)
  eden space 33280K, 0% used [0x00000000d5e00000,0x00000000d5e00000,0x00000000d7e80000)
  from space 5120K, 22% used [0x00000000d8380000,0x00000000d849c010,0x00000000d8880000)
  to   space 5120K, 0% used [0x00000000d7e80000,0x00000000d7e80000,0x00000000d8380000)
 ParOldGen       total 57344K, used 1735K [0x0000000081a00000, 0x0000000085200000, 0x00000000d5e00000)
  object space 57344K, 3% used [0x0000000081a00000,0x0000000081bb1d18,0x0000000085200000)
 Metaspace       used 13688K, capacity 13850K, committed 13952K, reserved 1067008K
  class space    used 1795K, capacity 1866K, committed 1920K, reserved 1048576K
}
Event: 12.871 GC heap before
{Heap before GC invocations=4 (full 2):
 PSYoungGen      total 38400K, used 1136K [0x00000000d5e00000, 0x00000000d8880000, 0x0000000100000000)
  eden space 33280K, 0% used [0x00000000d5e00000,0x00000000d5e00000,0x00000000d7e80000)
  from space 5120K, 22% used [0x00000000d8380000,0x00000000d849c010,0x00000000d8880000)
  to   space 5120K, 0% used [0x00000000d7e80000,0x00000000d7e80000,0x00000000d8380000)
 ParOldGen       total 57344K, used 1735K [0x0000000081a00000, 0x0000000085200000, 0x00000000d5e00000)
  object space 57344K, 3% used [0x0000000081a00000,0x0000000081bb1d18,0x0000000085200000)
 Metaspace       used 13688K, capacity 13850K, committed 13952K, reserved 1067008K
  class space    used 1795K, capacity 1866K, committed 1920K, reserved 1048576K
Event: 13.035 GC heap after
Heap after GC invocations=4 (full 2):
 PSYoungGen      total 38400K, used 0K [0x00000000d5e00000, 0x00000000d8880000, 0x0000000100000000)
  eden space 33280K, 0% used [0x00000000d5e00000,0x00000000d5e00000,0x00000000d7e80000)
  from space 5120K, 0% used [0x00000000d8380000,0x00000000d8380000,0x00000000d8880000)
  to   space 5120K, 0% used [0x00000000d7e80000,0x00000000d7e80000,0x00000000d8380000)
 ParOldGen       total 89600K, used 2765K [0x0000000081a00000, 0x0000000087180000, 0x00000000d5e00000)
  object space 89600K, 3% used [0x0000000081a00000,0x0000000081cb35a0,0x0000000087180000)
 Metaspace       used 13688K, capacity 13850K, committed 13952K, reserved 1064960K
  class space    used 1795K, capacity 1866K, committed 1920K, reserved 1048576K
}

