# JRE version: Java(TM) SE Runtime Environment (8.0_91-b14) (build 1.8.0_91-b14)
# Java VM: Java HotSpot(TM) 64-Bit Server VM (25.91-b14 mixed mode windows-amd64 compressed oops)
Heap:
 PSYoungGen      total 38400K, used 3651K [0x00000000d5e00000, 0x00000000d8880000, 0x0000000100000000)
  eden space 33280K, 10% used [0x00000000d5e00000,0x00000000d6190c08,0x00000000d7e80000)
  from space 5120K, 0% used [0x00000000d7e80000,0x00000000d7e80000,0x00000000d8380000)
  to   space 5120K, 0% used [0x00000000d8380000,0x00000000d8380000,0x00000000d8880000)
 ParOldGen       total 56320K, used 3868K [0x0000000081a00000, 0x0000000085100000, 0x00000000d5e00000)
  object space 56320K, 6% used [0x0000000081a00000,0x0000000081dc7208,0x0000000085100000)
 Metaspace       used 14165K, capacity 14364K, committed 14592K, reserved 1062912K
  class space    used 1857K, capacity 1931K, committed 2048K, reserved 1048576K
GC Heap History (4 events):
Event: 16.684 GC heap before
{Heap before GC invocations=1 (full 0):
 PSYoungGen      total 38400K, used 16860K [0x00000000d5e00000, 0x00000000d8880000, 0x0000000100000000)
  eden space 33280K, 50% used [0x00000000d5e00000,0x00000000d6e77108,0x00000000d7e80000)
  from space 5120K, 0% used [0x00000000d8380000,0x00000000d8380000,0x00000000d8880000)
  to   space 5120K, 0% used [0x00000000d7e80000,0x00000000d7e80000,0x00000000d8380000)
 ParOldGen       total 87552K, used 0K [0x0000000081a00000, 0x0000000086f80000, 0x00000000d5e00000)
  object space 87552K, 0% used [0x0000000081a00000,0x0000000081a00000,0x0000000086f80000)
 Metaspace       used 13974K, capacity 14140K, committed 14208K, reserved 1064960K
  class space    used 1837K, capacity 1899K, committed 1920K, reserved 1048576K
Event: 16.827 GC heap after
Heap after GC invocations=1 (full 0):
 PSYoungGen      total 38400K, used 5090K [0x00000000d5e00000, 0x00000000d8880000, 0x0000000100000000)
  eden space 33280K, 0% used [0x00000000d5e00000,0x00000000d5e00000,0x00000000d7e80000)
  from space 5120K, 99% used [0x00000000d7e80000,0x00000000d8378910,0x00000000d8380000)
  to   space 5120K, 0% used [0x00000000d8380000,0x00000000d8380000,0x00000000d8880000)
 ParOldGen       total 87552K, used 827K [0x0000000081a00000, 0x0000000086f80000, 0x00000000d5e00000)
  object space 87552K, 0% used [0x0000000081a00000,0x0000000081aced88,0x0000000086f80000)
 Metaspace       used 13974K, capacity 14140K, committed 14208K, reserved 1064960K
  class space    used 1837K, capacity 1899K, committed 1920K, reserved 1048576K
}
Event: 16.827 GC heap before
{Heap before GC invocations=2 (full 1):
 PSYoungGen      total 38400K, used 5090K [0x00000000d5e00000, 0x00000000d8880000, 0x0000000100000000)
  eden space 33280K, 0% used [0x00000000d5e00000,0x00000000d5e00000,0x00000000d7e80000)
  from space 5120K, 99% used [0x00000000d7e80000,0x00000000d8378910,0x00000000d8380000)
  to   space 5120K, 0% used [0x00000000d8380000,0x00000000d8380000,0x00000000d8880000)
 ParOldGen       total 87552K, used 827K [0x0000000081a00000, 0x0000000086f80000, 0x00000000d5e00000)
  object space 87552K, 0% used [0x0000000081a00000,0x0000000081aced88,0x0000000086f80000)
 Metaspace       used 13974K, capacity 14140K, committed 14208K, reserved 1064960K
  class space    used 1837K, capacity 1899K, committed 1920K, reserved 1048576K
Event: 16.994 GC heap after
Heap after GC invocations=2 (full 1):
 PSYoungGen      total 38400K, used 0K [0x00000000d5e00000, 0x00000000d8880000, 0x0000000100000000)
  eden space 33280K, 0% used [0x00000000d5e00000,0x00000000d5e00000,0x00000000d7e80000)
  from space 5120K, 0% used [0x00000000d7e80000,0x00000000d7e80000,0x00000000d8380000)
  to   space 5120K, 0% used [0x00000000d8380000,0x00000000d8380000,0x00000000d8880000)
 ParOldGen       total 56320K, used 3868K [0x0000000081a00000, 0x0000000085100000, 0x00000000d5e00000)
  object space 56320K, 6% used [0x0000000081a00000,0x0000000081dc7208,0x0000000085100000)
 Metaspace       used 13974K, capacity 14140K, committed 14208K, reserved 1062912K
  class space    used 1837K, capacity 1899K, committed 1920K, reserved 1048576K
}

