# JRE version: Java(TM) SE Runtime Environment (8.0_91-b14) (build 1.8.0_91-b14)
# Java VM: Java HotSpot(TM) 64-Bit Server VM (25.91-b14 mixed mode windows-amd64 compressed oops)
Heap:
 PSYoungGen      total 38400K, used 3328K [0x00000000d5e00000, 0x00000000d8880000, 0x0000000100000000)
  eden space 33280K, 10% used [0x00000000d5e00000,0x00000000d61400e8,0x00000000d7e80000)
  from space 5120K, 0% used [0x00000000d7e80000,0x00000000d7e80000,0x00000000d8380000)
  to   space 5120K, 0% used [0x00000000d8380000,0x00000000d8380000,0x00000000d8880000)
 ParOldGen       total 63488K, used 773K [0x0000000081a00000, 0x0000000085800000, 0x00000000d5e00000)
  object space 63488K, 1% used [0x0000000081a00000,0x0000000081ac14b0,0x0000000085800000)
 Metaspace       used 10828K, capacity 10974K, committed 11264K, reserved 1060864K
  class space    used 1390K, capacity 1446K, committed 1536K, reserved 1048576K
GC Heap History (4 events):
Event: 6.393 GC heap before
{Heap before GC invocations=1 (full 0):
 PSYoungGen      total 38400K, used 6005K [0x00000000d5e00000, 0x00000000d8880000, 0x0000000100000000)
  eden space 33280K, 18% used [0x00000000d5e00000,0x00000000d63dd5b0,0x00000000d7e80000)
  from space 5120K, 0% used [0x00000000d8380000,0x00000000d8380000,0x00000000d8880000)
  to   space 5120K, 0% used [0x00000000d7e80000,0x00000000d7e80000,0x00000000d8380000)
 ParOldGen       total 87552K, used 0K [0x0000000081a00000, 0x0000000086f80000, 0x00000000d5e00000)
  object space 87552K, 0% used [0x0000000081a00000,0x0000000081a00000,0x0000000086f80000)
 Metaspace       used 6518K, capacity 6662K, committed 6784K, reserved 1060864K
  class space    used 750K, capacity 799K, committed 896K, reserved 1048576K
Event: 6.471 GC heap after
Heap after GC invocations=1 (full 0):
 PSYoungGen      total 38400K, used 832K [0x00000000d5e00000, 0x00000000d8880000, 0x0000000100000000)
  eden space 33280K, 0% used [0x00000000d5e00000,0x00000000d5e00000,0x00000000d7e80000)
  from space 5120K, 16% used [0x00000000d7e80000,0x00000000d7f50000,0x00000000d8380000)
  to   space 5120K, 0% used [0x00000000d8380000,0x00000000d8380000,0x00000000d8880000)
 ParOldGen       total 87552K, used 0K [0x0000000081a00000, 0x0000000086f80000, 0x00000000d5e00000)
  object space 87552K, 0% used [0x0000000081a00000,0x0000000081a00000,0x0000000086f80000)
 Metaspace       used 6518K, capacity 6662K, committed 6784K, reserved 1060864K
  class space    used 750K, capacity 799K, committed 896K, reserved 1048576K
}
Event: 6.471 GC heap before
{Heap before GC invocations=2 (full 1):
 PSYoungGen      total 38400K, used 832K [0x00000000d5e00000, 0x00000000d8880000, 0x0000000100000000)
  eden space 33280K, 0% used [0x00000000d5e00000,0x00000000d5e00000,0x00000000d7e80000)
  from space 5120K, 16% used [0x00000000d7e80000,0x00000000d7f50000,0x00000000d8380000)
  to   space 5120K, 0% used [0x00000000d8380000,0x00000000d8380000,0x00000000d8880000)
 ParOldGen       total 87552K, used 0K [0x0000000081a00000, 0x0000000086f80000, 0x00000000d5e00000)
  object space 87552K, 0% used [0x0000000081a00000,0x0000000081a00000,0x0000000086f80000)
 Metaspace       used 6518K, capacity 6662K, committed 6784K, reserved 1060864K
  class space    used 750K, capacity 799K, committed 896K, reserved 1048576K
Event: 7.040 GC heap after
Heap after GC invocations=2 (full 1):
 PSYoungGen      total 38400K, used 0K [0x00000000d5e00000, 0x00000000d8880000, 0x0000000100000000)
  eden space 33280K, 0% used [0x00000000d5e00000,0x00000000d5e00000,0x00000000d7e80000)
  from space 5120K, 0% used [0x00000000d7e80000,0x00000000d7e80000,0x00000000d8380000)
  to   space 5120K, 0% used [0x00000000d8380000,0x00000000d8380000,0x00000000d8880000)
 ParOldGen       total 63488K, used 773K [0x0000000081a00000, 0x0000000085800000, 0x00000000d5e00000)
  object space 63488K, 1% used [0x0000000081a00000,0x0000000081ac14b0,0x0000000085800000)
 Metaspace       used 6518K, capacity 6662K, committed 6784K, reserved 1058816K
  class space    used 750K, capacity 799K, committed 896K, reserved 1048576K
}

