# JRE version: Java(TM) SE Runtime Environment (8.0_91-b14) (build 1.8.0_91-b14)
# Java VM: Java HotSpot(TM) 64-Bit Server VM (25.91-b14 mixed mode windows-amd64 compressed oops)
Heap:
 PSYoungGen      total 38400K, used 5103K [0x00000000d5e00000, 0x00000000da900000, 0x0000000100000000)
  eden space 33280K, 15% used [0x00000000d5e00000,0x00000000d62fbe40,0x00000000d7e80000)
  from space 5120K, 0% used [0x00000000d7e80000,0x00000000d7e80000,0x00000000d8380000)
  to   space 5120K, 0% used [0x00000000da400000,0x00000000da400000,0x00000000da900000)
 ParOldGen       total 50176K, used 1279K [0x0000000081a00000, 0x0000000084b00000, 0x00000000d5e00000)
  object space 50176K, 2% used [0x0000000081a00000,0x0000000081b3fe50,0x0000000084b00000)
 Metaspace       used 11529K, capacity 11742K, committed 11904K, reserved 1062912K
  class space    used 1494K, capacity 1574K, committed 1664K, reserved 1048576K
GC Heap History (4 events):
Event: 7.507 GC heap before
{Heap before GC invocations=1 (full 0):
 PSYoungGen      total 38400K, used 6671K [0x00000000d5e00000, 0x00000000d8880000, 0x0000000100000000)
  eden space 33280K, 20% used [0x00000000d5e00000,0x00000000d6483c10,0x00000000d7e80000)
  from space 5120K, 0% used [0x00000000d8380000,0x00000000d8380000,0x00000000d8880000)
  to   space 5120K, 0% used [0x00000000d7e80000,0x00000000d7e80000,0x00000000d8380000)
 ParOldGen       total 87552K, used 0K [0x0000000081a00000, 0x0000000086f80000, 0x00000000d5e00000)
  object space 87552K, 0% used [0x0000000081a00000,0x0000000081a00000,0x0000000086f80000)
 Metaspace       used 8926K, capacity 9106K, committed 9216K, reserved 1060864K
  class space    used 1103K, capacity 1188K, committed 1280K, reserved 1048576K
Event: 7.787 GC heap after
Heap after GC invocations=1 (full 0):
 PSYoungGen      total 38400K, used 1344K [0x00000000d5e00000, 0x00000000da900000, 0x0000000100000000)
  eden space 33280K, 0% used [0x00000000d5e00000,0x00000000d5e00000,0x00000000d7e80000)
  from space 5120K, 26% used [0x00000000d7e80000,0x00000000d7fd0000,0x00000000d8380000)
  to   space 5120K, 0% used [0x00000000da400000,0x00000000da400000,0x00000000da900000)
 ParOldGen       total 87552K, used 8K [0x0000000081a00000, 0x0000000086f80000, 0x00000000d5e00000)
  object space 87552K, 0% used [0x0000000081a00000,0x0000000081a02000,0x0000000086f80000)
 Metaspace       used 8926K, capacity 9106K, committed 9216K, reserved 1060864K
  class space    used 1103K, capacity 1188K, committed 1280K, reserved 1048576K
}
Event: 7.787 GC heap before
{Heap before GC invocations=2 (full 1):
 PSYoungGen      total 38400K, used 1344K [0x00000000d5e00000, 0x00000000da900000, 0x0000000100000000)
  eden space 33280K, 0% used [0x00000000d5e00000,0x00000000d5e00000,0x00000000d7e80000)
  from space 5120K, 26% used [0x00000000d7e80000,0x00000000d7fd0000,0x00000000d8380000)
  to   space 5120K, 0% used [0x00000000da400000,0x00000000da400000,0x00000000da900000)
 ParOldGen       total 87552K, used 8K [0x0000000081a00000, 0x0000000086f80000, 0x00000000d5e00000)
  object space 87552K, 0% used [0x0000000081a00000,0x0000000081a02000,0x0000000086f80000)
 Metaspace       used 8926K, capacity 9106K, committed 9216K, reserved 1060864K
  class space    used 1103K, capacity 1188K, committed 1280K, reserved 1048576K
Event: 8.025 GC heap after
Heap after GC invocations=2 (full 1):
 PSYoungGen      total 38400K, used 0K [0x00000000d5e00000, 0x00000000da900000, 0x0000000100000000)
  eden space 33280K, 0% used [0x00000000d5e00000,0x00000000d5e00000,0x00000000d7e80000)
  from space 5120K, 0% used [0x00000000d7e80000,0x00000000d7e80000,0x00000000d8380000)
  to   space 5120K, 0% used [0x00000000da400000,0x00000000da400000,0x00000000da900000)
 ParOldGen       total 50176K, used 1279K [0x0000000081a00000, 0x0000000084b00000, 0x00000000d5e00000)
  object space 50176K, 2% used [0x0000000081a00000,0x0000000081b3fe50,0x0000000084b00000)
 Metaspace       used 8926K, capacity 9106K, committed 9216K, reserved 1058816K
  class space    used 1103K, capacity 1188K, committed 1280K, reserved 1048576K
}

