# JRE version: Java(TM) SE Runtime Environment (8.0_91-b14) (build 1.8.0_91-b14)
# Java VM: Java HotSpot(TM) 64-Bit Server VM (25.91-b14 mixed mode windows-amd64 compressed oops)
Heap:
 PSYoungGen      total 38400K, used 5103K [0x00000000d5e00000, 0x00000000d8880000, 0x0000000100000000)
  eden space 33280K, 15% used [0x00000000d5e00000,0x00000000d62fbe20,0x00000000d7e80000)
  from space 5120K, 0% used [0x00000000d8380000,0x00000000d8380000,0x00000000d8880000)
  to   space 5120K, 0% used [0x00000000d7e80000,0x00000000d7e80000,0x00000000d8380000)
 ParOldGen       total 100864K, used 1645K [0x0000000081a00000, 0x0000000087c80000, 0x00000000d5e00000)
  object space 100864K, 1% used [0x0000000081a00000,0x0000000081b9b4b8,0x0000000087c80000)
 Metaspace       used 11888K, capacity 12094K, committed 12416K, reserved 1062912K
  class space    used 1538K, capacity 1606K, committed 1664K, reserved 1048576K
GC Heap History (8 events):
Event: 13.147 GC heap before
{Heap before GC invocations=1 (full 0):
 PSYoungGen      total 38400K, used 6005K [0x00000000d5e00000, 0x00000000d8880000, 0x0000000100000000)
  eden space 33280K, 18% used [0x00000000d5e00000,0x00000000d63dd550,0x00000000d7e80000)
  from space 5120K, 0% used [0x00000000d8380000,0x00000000d8380000,0x00000000d8880000)
  to   space 5120K, 0% used [0x00000000d7e80000,0x00000000d7e80000,0x00000000d8380000)
 ParOldGen       total 87552K, used 0K [0x0000000081a00000, 0x0000000086f80000, 0x00000000d5e00000)
  object space 87552K, 0% used [0x0000000081a00000,0x0000000081a00000,0x0000000086f80000)
 Metaspace       used 6794K, capacity 6950K, committed 7040K, reserved 1060864K
  class space    used 770K, capacity 831K, committed 896K, reserved 1048576K
Event: 13.367 GC heap after
Heap after GC invocations=1 (full 0):
 PSYoungGen      total 38400K, used 880K [0x00000000d5e00000, 0x00000000d8880000, 0x0000000100000000)
  eden space 33280K, 0% used [0x00000000d5e00000,0x00000000d5e00000,0x00000000d7e80000)
  from space 5120K, 17% used [0x00000000d7e80000,0x00000000d7f5c010,0x00000000d8380000)
  to   space 5120K, 0% used [0x00000000d8380000,0x00000000d8380000,0x00000000d8880000)
 ParOldGen       total 87552K, used 8K [0x0000000081a00000, 0x0000000086f80000, 0x00000000d5e00000)
  object space 87552K, 0% used [0x0000000081a00000,0x0000000081a02000,0x0000000086f80000)
 Metaspace       used 6794K, capacity 6950K, committed 7040K, reserved 1060864K
  class space    used 770K, capacity 831K, committed 896K, reserved 1048576K
}
Event: 13.367 GC heap before
{Heap before GC invocations=2 (full 1):
 PSYoungGen      total 38400K, used 880K [0x00000000d5e00000, 0x00000000d8880000, 0x0000000100000000)
  eden space 33280K, 0% used [0x00000000d5e00000,0x00000000d5e00000,0x00000000d7e80000)
  from space 5120K, 17% used [0x00000000d7e80000,0x00000000d7f5c010,0x00000000d8380000)
  to   space 5120K, 0% used [0x00000000d8380000,0x00000000d8380000,0x00000000d8880000)
 ParOldGen       total 87552K, used 8K [0x0000000081a00000, 0x0000000086f80000, 0x00000000d5e00000)
  object space 87552K, 0% used [0x0000000081a00000,0x0000000081a02000,0x0000000086f80000)
 Metaspace       used 6794K, capacity 6950K, committed 7040K, reserved 1060864K
  class space    used 770K, capacity 831K, committed 896K, reserved 1048576K
Event: 13.743 GC heap after
Heap after GC invocations=2 (full 1):
 PSYoungGen      total 38400K, used 0K [0x00000000d5e00000, 0x00000000d8880000, 0x0000000100000000)
  eden space 33280K, 0% used [0x00000000d5e00000,0x00000000d5e00000,0x00000000d7e80000)
  from space 5120K, 0% used [0x00000000d7e80000,0x00000000d7e80000,0x00000000d8380000)
  to   space 5120K, 0% used [0x00000000d8380000,0x00000000d8380000,0x00000000d8880000)
 ParOldGen       total 55296K, used 796K [0x0000000081a00000, 0x0000000085000000, 0x00000000d5e00000)
  object space 55296K, 1% used [0x0000000081a00000,0x0000000081ac7038,0x0000000085000000)
 Metaspace       used 6794K, capacity 6950K, committed 7040K, reserved 1058816K
  class space    used 770K, capacity 831K, committed 896K, reserved 1048576K
}
Event: 18.832 GC heap before
{Heap before GC invocations=3 (full 1):
 PSYoungGen      total 38400K, used 3775K [0x00000000d5e00000, 0x00000000d8880000, 0x0000000100000000)
  eden space 33280K, 11% used [0x00000000d5e00000,0x00000000d61afe28,0x00000000d7e80000)
  from space 5120K, 0% used [0x00000000d7e80000,0x00000000d7e80000,0x00000000d8380000)
  to   space 5120K, 0% used [0x00000000d8380000,0x00000000d8380000,0x00000000d8880000)
 ParOldGen       total 55296K, used 796K [0x0000000081a00000, 0x0000000085000000, 0x00000000d5e00000)
  object space 55296K, 1% used [0x0000000081a00000,0x0000000081ac7038,0x0000000085000000)
 Metaspace       used 10956K, capacity 11134K, committed 11264K, reserved 1064960K
  class space    used 1403K, capacity 1478K, committed 1536K, reserved 1048576K
Event: 18.894 GC heap after
Heap after GC invocations=3 (full 1):
 PSYoungGen      total 38400K, used 960K [0x00000000d5e00000, 0x00000000d8880000, 0x0000000100000000)
  eden space 33280K, 0% used [0x00000000d5e00000,0x00000000d5e00000,0x00000000d7e80000)
  from space 5120K, 18% used [0x00000000d8380000,0x00000000d8470000,0x00000000d8880000)
  to   space 5120K, 0% used [0x00000000d7e80000,0x00000000d7e80000,0x00000000d8380000)
 ParOldGen       total 55296K, used 804K [0x0000000081a00000, 0x0000000085000000, 0x00000000d5e00000)
  object space 55296K, 1% used [0x0000000081a00000,0x0000000081ac9038,0x0000000085000000)
 Metaspace       used 10956K, capacity 11134K, committed 11264K, reserved 1064960K
  class space    used 1403K, capacity 1478K, committed 1536K, reserved 1048576K
}
Event: 18.894 GC heap before
{Heap before GC invocations=4 (full 2):
 PSYoungGen      total 38400K, used 960K [0x00000000d5e00000, 0x00000000d8880000, 0x0000000100000000)
  eden space 33280K, 0% used [0x00000000d5e00000,0x00000000d5e00000,0x00000000d7e80000)
  from space 5120K, 18% used [0x00000000d8380000,0x00000000d8470000,0x00000000d8880000)
  to   space 5120K, 0% used [0x00000000d7e80000,0x00000000d7e80000,0x00000000d8380000)
 ParOldGen       total 55296K, used 804K [0x0000000081a00000, 0x0000000085000000, 0x00000000d5e00000)
  object space 55296K, 1% used [0x0000000081a00000,0x0000000081ac9038,0x0000000085000000)
 Metaspace       used 10956K, capacity 11134K, committed 11264K, reserved 1064960K
  class space    used 1403K, capacity 1478K, committed 1536K, reserved 1048576K
Event: 19.457 GC heap after
Heap after GC invocations=4 (full 2):
 PSYoungGen      total 38400K, used 0K [0x00000000d5e00000, 0x00000000d8880000, 0x0000000100000000)
  eden space 33280K, 0% used [0x00000000d5e00000,0x00000000d5e00000,0x00000000d7e80000)
  from space 5120K, 0% used [0x00000000d8380000,0x00000000d8380000,0x00000000d8880000)
  to   space 5120K, 0% used [0x00000000d7e80000,0x00000000d7e80000,0x00000000d8380000)
 ParOldGen       total 100864K, used 1645K [0x0000000081a00000, 0x0000000087c80000, 0x00000000d5e00000)
  object space 100864K, 1% used [0x0000000081a00000,0x0000000081b9b4b8,0x0000000087c80000)
 Metaspace       used 10956K, capacity 11134K, committed 11264K, reserved 1062912K
  class space    used 1403K, capacity 1478K, committed 1536K, reserved 1048576K
}

