# JRE version: Java(TM) SE Runtime Environment (8.0_91-b14) (build 1.8.0_91-b14)
# Java VM: Java HotSpot(TM) 64-Bit Server VM (25.91-b14 mixed mode windows-amd64 compressed oops)
Heap:
 PSYoungGen      total 47616K, used 9426K [0x00000000d5e00000, 0x00000000da600000, 0x0000000100000000)
  eden space 45568K, 20% used [0x00000000d5e00000,0x00000000d6734a00,0x00000000d8a80000)
  from space 2048K, 0% used [0x00000000da400000,0x00000000da400000,0x00000000da600000)
  to   space 5120K, 0% used [0x00000000d9c00000,0x00000000d9c00000,0x00000000da100000)
 ParOldGen       total 80896K, used 2558K [0x0000000081a00000, 0x0000000086900000, 0x00000000d5e00000)
  object space 80896K, 3% used [0x0000000081a00000,0x0000000081c7f810,0x0000000086900000)
 Metaspace       used 14151K, capacity 14380K, committed 14848K, reserved 1064960K
  class space    used 1857K, capacity 1931K, committed 2048K, reserved 1048576K
GC Heap History (4 events):
Event: 10.361 GC heap before
{Heap before GC invocations=1 (full 0):
 PSYoungGen      total 38400K, used 6709K [0x00000000d5e00000, 0x00000000d8880000, 0x0000000100000000)
  eden space 33280K, 20% used [0x00000000d5e00000,0x00000000d648d4d0,0x00000000d7e80000)
  from space 5120K, 0% used [0x00000000d8380000,0x00000000d8380000,0x00000000d8880000)
  to   space 5120K, 0% used [0x00000000d7e80000,0x00000000d7e80000,0x00000000d8380000)
 ParOldGen       total 87552K, used 0K [0x0000000081a00000, 0x0000000086f80000, 0x00000000d5e00000)
  object space 87552K, 0% used [0x0000000081a00000,0x0000000081a00000,0x0000000086f80000)
 Metaspace       used 7776K, capacity 7938K, committed 8064K, reserved 1060864K
  class space    used 960K, capacity 1028K, committed 1152K, reserved 1048576K
Event: 10.623 GC heap after
Heap after GC invocations=1 (full 0):
 PSYoungGen      total 38400K, used 1168K [0x00000000d5e00000, 0x00000000da900000, 0x0000000100000000)
  eden space 33280K, 0% used [0x00000000d5e00000,0x00000000d5e00000,0x00000000d7e80000)
  from space 5120K, 22% used [0x00000000d7e80000,0x00000000d7fa4010,0x00000000d8380000)
  to   space 5120K, 0% used [0x00000000da400000,0x00000000da400000,0x00000000da900000)
 ParOldGen       total 87552K, used 8K [0x0000000081a00000, 0x0000000086f80000, 0x00000000d5e00000)
  object space 87552K, 0% used [0x0000000081a00000,0x0000000081a02000,0x0000000086f80000)
 Metaspace       used 7776K, capacity 7938K, committed 8064K, reserved 1060864K
  class space    used 960K, capacity 1028K, committed 1152K, reserved 1048576K
}
Event: 10.623 GC heap before
{Heap before GC invocations=2 (full 1):
 PSYoungGen      total 38400K, used 1168K [0x00000000d5e00000, 0x00000000da900000, 0x0000000100000000)
  eden space 33280K, 0% used [0x00000000d5e00000,0x00000000d5e00000,0x00000000d7e80000)
  from space 5120K, 22% used [0x00000000d7e80000,0x00000000d7fa4010,0x00000000d8380000)
  to   space 5120K, 0% used [0x00000000da400000,0x00000000da400000,0x00000000da900000)
 ParOldGen       total 87552K, used 8K [0x0000000081a00000, 0x0000000086f80000, 0x00000000d5e00000)
  object space 87552K, 0% used [0x0000000081a00000,0x0000000081a02000,0x0000000086f80000)
 Metaspace       used 7776K, capacity 7938K, committed 8064K, reserved 1060864K
  class space    used 960K, capacity 1028K, committed 1152K, reserved 1048576K
Event: 10.862 GC heap after
Heap after GC invocations=2 (full 1):
 PSYoungGen      total 38400K, used 0K [0x00000000d5e00000, 0x00000000da900000, 0x0000000100000000)
  eden space 33280K, 0% used [0x00000000d5e00000,0x00000000d5e00000,0x00000000d7e80000)
  from space 5120K, 0% used [0x00000000d7e80000,0x00000000d7e80000,0x00000000d8380000)
  to   space 5120K, 0% used [0x00000000da400000,0x00000000da400000,0x00000000da900000)
 ParOldGen       total 50688K, used 1096K [0x0000000081a00000, 0x0000000084b80000, 0x00000000d5e00000)
  object space 50688K, 2% used [0x0000000081a00000,0x0000000081b12328,0x0000000084b80000)
 Metaspace       used 7776K, capacity 7938K, committed 8064K, reserved 1058816K
  class space    used 960K, capacity 1028K, committed 1152K, reserved 1048576K
}

